<?xml version="1.0" encoding="UTF-8"?>
<!-- Generated by org.testng.reporters.JUnitXMLReporter -->
<testsuite ignored="0" hostname="LAPTOP-LPL8EGCE" failures="0" tests="4" name="Default test" time="11.729" errors="0" timestamp="2024-08-27T10:49:16 IST">
  <testcase classname="Excel.Facebook" name="testlogin" time="3.318"/>
  <testcase classname="Excel.Facebook" name="testlogin" time="2.697"/>
  <testcase classname="Excel.Facebook" name="testlogin" time="2.527"/>
  <testcase classname="Excel.Facebook" name="testlogin" time="2.467"/>
</testsuite> <!-- Default test -->
