<?xml version="1.0" encoding="UTF-8"?>
<testng-results ignored="0" total="4" passed="4" failed="0" skipped="0">
  <reporter-output>
  </reporter-output>
  <suite started-at="2024-08-27T10:49:05 IST" name="Default suite" finished-at="2024-08-27T10:49:16 IST" duration-ms="11729">
    <groups>
    </groups>
    <test started-at="2024-08-27T10:49:05 IST" name="Default test" finished-at="2024-08-27T10:49:16 IST" duration-ms="11729">
      <class name="Excel.Facebook">
        <test-method signature="testlogin(java.lang.String,java.lang.String)[pri:0, instance:Excel.Facebook@6fdbe764]" started-at="2024-08-27T10:49:05 IST" name="testlogin" data-provider="LoginData" finished-at="2024-08-27T10:49:09 IST" duration-ms="3318" status="PASS">
          <params>
            <param index="0">
              <value>
                <![CDATA[8008396527]]>
              </value>
            </param>
            <param index="1">
              <value>
                <![CDATA[Geetha@123]]>
              </value>
            </param>
          </params>
          <reporter-output>
          </reporter-output>
        </test-method> <!-- testlogin -->
        <test-method signature="testlogin(java.lang.String,java.lang.String)[pri:0, instance:Excel.Facebook@6fdbe764]" started-at="2024-08-27T10:49:09 IST" name="testlogin" data-provider="LoginData" finished-at="2024-08-27T10:49:11 IST" duration-ms="2697" status="PASS">
          <params>
            <param index="0">
              <value>
                <![CDATA[anapurnakaja9@gmail.com]]>
              </value>
            </param>
            <param index="1">
              <value>
                <![CDATA[Annu@96]]>
              </value>
            </param>
          </params>
          <reporter-output>
          </reporter-output>
        </test-method> <!-- testlogin -->
        <test-method signature="testlogin(java.lang.String,java.lang.String)[pri:0, instance:Excel.Facebook@6fdbe764]" started-at="2024-08-27T10:49:11 IST" name="testlogin" data-provider="LoginData" finished-at="2024-08-27T10:49:14 IST" duration-ms="2527" status="PASS">
          <params>
            <param index="0">
              <value>
                <![CDATA[dtfhfyhg]]>
              </value>
            </param>
            <param index="1">
              <value>
                <![CDATA[tfhgjhjkhm]]>
              </value>
            </param>
          </params>
          <reporter-output>
          </reporter-output>
        </test-method> <!-- testlogin -->
        <test-method signature="testlogin(java.lang.String,java.lang.String)[pri:0, instance:Excel.Facebook@6fdbe764]" started-at="2024-08-27T10:49:14 IST" name="testlogin" data-provider="LoginData" finished-at="2024-08-27T10:49:16 IST" duration-ms="2467" status="PASS">
          <params>
            <param index="0">
              <value>
                <![CDATA[]]>
              </value>
            </param>
            <param index="1">
              <value>
                <![CDATA[]]>
              </value>
            </param>
          </params>
          <reporter-output>
          </reporter-output>
        </test-method> <!-- testlogin -->
      </class> <!-- Excel.Facebook -->
    </test> <!-- Default test -->
  </suite> <!-- Default suite -->
</testng-results>
